18/06/2015 10:54:41	This log contains information about the import schema operation into project 'Database1' on computer 'ANDYELASTACLOUD' by user 'Andy'.
18/06/2015 10:54:43	Import of database schema has started.
18/06/2015 10:54:44	Gathering logins
18/06/2015 10:56:03	Gathering database options
18/06/2015 10:56:03	Gathering users
18/06/2015 10:56:03	Gathering roles
18/06/2015 10:56:03	Gathering application roles
18/06/2015 10:56:03	Gathering role memberships
18/06/2015 10:56:03	Gathering filegroups
18/06/2015 10:56:03	Gathering full-text catalogs
18/06/2015 10:56:03	Gathering assemblies
18/06/2015 10:56:03	Gathering certificates
18/06/2015 10:56:03	Gathering schemas
18/06/2015 10:56:03	Gathering XML schema collections
18/06/2015 10:56:03	Gathering user-defined data types
18/06/2015 10:56:03	Gathering user-defined types
18/06/2015 10:56:03	Gathering table types
18/06/2015 10:56:03	Gathering unique keys for table types
18/06/2015 10:56:03	Gathering primary keys for table types
18/06/2015 10:56:03	Gathering indexes for table types
18/06/2015 10:56:03	Gathering check constraints for table types
18/06/2015 10:56:03	Gathering default constraints for table types
18/06/2015 10:56:03	Gathering partition functions
18/06/2015 10:56:03	Gathering partition schemes
18/06/2015 10:56:03	Gathering functions
18/06/2015 10:56:03	Gathering encrypted functions
18/06/2015 10:56:03	Gathering aggregates
18/06/2015 10:56:03	Gathering procedures
18/06/2015 10:56:03	Gathering encrypted procedures
18/06/2015 10:56:03	Gathering tables
18/06/2015 10:56:04	Gathering primary keys
18/06/2015 10:56:04	Gathering unique constraints
18/06/2015 10:56:04	Gathering foreign keys
18/06/2015 10:56:04	Gathering default constraints
18/06/2015 10:56:04	Gathering check constraints
18/06/2015 10:56:04	Gathering views
18/06/2015 10:56:04	Gathering encrypted views
18/06/2015 10:56:04	Gathering indexes
18/06/2015 10:56:04	Gathering statistics
18/06/2015 10:56:04	Gathering full-text index stoplists
18/06/2015 10:56:04	Gathering search property lists
18/06/2015 10:56:04	Gathering search properties
18/06/2015 10:56:04	Gathering full-text indexes
18/06/2015 10:56:04	Gathering column store indexes
18/06/2015 10:56:04	Gathering spatial indexes
18/06/2015 10:56:04	Gathering XML indexes
18/06/2015 10:56:04	Gathering Selective XML indexes
18/06/2015 10:56:05	Gathering encrypted triggers
18/06/2015 10:56:05	Gathering triggers
18/06/2015 10:56:05	Gathering encrypted and clr ddl triggers
18/06/2015 10:56:05	Gathering ddl triggers
18/06/2015 10:56:05	Gathering synonyms
18/06/2015 10:56:05	Gathering defaults
18/06/2015 10:56:05	Gathering data constraint uddt bindings
18/06/2015 10:56:05	Gathering rules
18/06/2015 10:56:05	Gathering data constraint uddt bindings
18/06/2015 10:56:05	Gathering message types
18/06/2015 10:56:05	Gathering queues
18/06/2015 10:56:05	Gathering contracts
18/06/2015 10:56:05	Gathering services
18/06/2015 10:56:05	Gathering event notifications
18/06/2015 10:56:05	Gathering remote service bindings
18/06/2015 10:56:05	Gathering broker priorities
18/06/2015 10:56:05	Gathering signatures
18/06/2015 10:56:05	Gathering data compression options
18/06/2015 10:56:05	Gathering sequence types
18/06/2015 10:56:05	Gathering extended properties
18/06/2015 10:56:05	Gathering logins
18/06/2015 10:56:08	Finished importing database.
18/06/2015 10:56:08	A summary of the import was saved to the following location: C:\Users\Andy\Documents\Visual Studio 2013\Projects\Database1\Database1\Import Schema Logs\Database1_20150618095441.log
18/06/2015 10:56:08	Click Finish to continue...
